[debug] [2026-04-15T17:50:05.511Z] ----------------------------------------------------------------------
[debug] [2026-04-15T17:50:05.513Z] Command:       C:\Program Files\nodejs\node.exe C:\Users\Samin\AppData\Roaming\npm\node_modules\firebase-tools\lib\bin\firebase.js deploy --project habit-forge
[debug] [2026-04-15T17:50:05.513Z] CLI Version:   15.14.0
[debug] [2026-04-15T17:50:05.513Z] Platform:      win32
[debug] [2026-04-15T17:50:05.514Z] Node Version:  v20.14.0
[debug] [2026-04-15T17:50:05.514Z] Time:          Wed Apr 15 2026 21:20:05 GMT+0330 (Iran Standard Time)
[debug] [2026-04-15T17:50:05.514Z] ----------------------------------------------------------------------
[debug] 
[debug] [2026-04-15T17:50:07.099Z] > command requires scopes: ["email","openid","https://www.googleapis.com/auth/cloudplatformprojects.readonly","https://www.googleapis.com/auth/firebase","https://www.googleapis.com/auth/cloud-platform"]
[debug] [2026-04-15T17:50:07.099Z] > authorizing via signed-in user (samin.heybati.dev@gmail.com)
[debug] [2026-04-15T17:50:07.099Z] [iam] checking project habit-forge for permissions ["cloudfunctions.functions.create","cloudfunctions.functions.delete","cloudfunctions.functions.get","cloudfunctions.functions.list","cloudfunctions.functions.update","cloudfunctions.operations.get","datastore.indexes.create","datastore.indexes.delete","datastore.indexes.list","datastore.indexes.update","firebase.projects.get","firebasehosting.sites.update"]
[debug] [2026-04-15T17:50:07.100Z] Checked if tokens are valid: true, expires at: 1776278947576
[debug] [2026-04-15T17:50:07.100Z] Checked if tokens are valid: true, expires at: 1776278947576
[debug] [2026-04-15T17:50:07.101Z] >>> [apiv2][query] POST https://cloudresourcemanager.googleapis.com/v1/projects/habit-forge:testIamPermissions [none]
[debug] [2026-04-15T17:50:07.101Z] >>> [apiv2][(partial)header] POST https://cloudresourcemanager.googleapis.com/v1/projects/habit-forge:testIamPermissions  x-goog-user-project=habit-forge
[debug] [2026-04-15T17:50:07.101Z] >>> [apiv2][body] POST https://cloudresourcemanager.googleapis.com/v1/projects/habit-forge:testIamPermissions {"permissions":["cloudfunctions.functions.create","cloudfunctions.functions.delete","cloudfunctions.functions.get","cloudfunctions.functions.list","cloudfunctions.functions.update","cloudfunctions.operations.get","datastore.indexes.create","datastore.indexes.delete","datastore.indexes.list","datastore.indexes.update","firebase.projects.get","firebasehosting.sites.update"]}
[debug] [2026-04-15T17:50:08.065Z] <<< [apiv2][status] POST https://cloudresourcemanager.googleapis.com/v1/projects/habit-forge:testIamPermissions 400
[debug] [2026-04-15T17:50:08.065Z] <<< [apiv2][body] POST https://cloudresourcemanager.googleapis.com/v1/projects/habit-forge:testIamPermissions {"error":{"code":400,"message":"Project 'projects/habit-forge' not found or deleted.","status":"INVALID_ARGUMENT","details":[{"@type":"type.googleapis.com/google.rpc.ErrorInfo","reason":"USER_PROJECT_DENIED","domain":"googleapis.com","metadata":{"consumer":"projects/habit-forge","containerInfo":"projects/habit-forge","service":"cloudresourcemanager.googleapis.com"}}]}}
[debug] [2026-04-15T17:50:08.066Z] [iam] error while checking permissions, command may fail: Request to https://cloudresourcemanager.googleapis.com/v1/projects/habit-forge:testIamPermissions had HTTP Error: 400, Project 'projects/habit-forge' not found or deleted.
[debug] [2026-04-15T17:50:08.066Z] Checked if tokens are valid: true, expires at: 1776278947576
[debug] [2026-04-15T17:50:08.066Z] Checked if tokens are valid: true, expires at: 1776278947576
[debug] [2026-04-15T17:50:08.066Z] >>> [apiv2][query] POST https://iam.googleapis.com/v1/projects/habit-forge/serviceAccounts/habit-forge@appspot.gserviceaccount.com:testIamPermissions [none]
[debug] [2026-04-15T17:50:08.066Z] >>> [apiv2][body] POST https://iam.googleapis.com/v1/projects/habit-forge/serviceAccounts/habit-forge@appspot.gserviceaccount.com:testIamPermissions {"permissions":["iam.serviceAccounts.actAs"]}
[debug] [2026-04-15T17:50:08.994Z] <<< [apiv2][status] POST https://iam.googleapis.com/v1/projects/habit-forge/serviceAccounts/habit-forge@appspot.gserviceaccount.com:testIamPermissions 404
[debug] [2026-04-15T17:50:08.994Z] <<< [apiv2][body] POST https://iam.googleapis.com/v1/projects/habit-forge/serviceAccounts/habit-forge@appspot.gserviceaccount.com:testIamPermissions {"error":{"code":404,"message":"Unknown service account","status":"NOT_FOUND"}}
[debug] [2026-04-15T17:50:08.995Z] [functions] service account IAM check errored, deploy may fail: Request to https://iam.googleapis.com/v1/projects/habit-forge/serviceAccounts/habit-forge@appspot.gserviceaccount.com:testIamPermissions had HTTP Error: 404, Unknown service account {"name":"FirebaseError","children":[],"context":{"body":{"error":{"code":404,"message":"Unknown service account","status":"NOT_FOUND"}},"response":{"statusCode":404}},"exit":1,"message":"Request to https://iam.googleapis.com/v1/projects/habit-forge/serviceAccounts/habit-forge@appspot.gserviceaccount.com:testIamPermissions had HTTP Error: 404, Unknown service account","status":404}
[debug] [2026-04-15T17:50:08.995Z] Checked if tokens are valid: true, expires at: 1776278947576
[debug] [2026-04-15T17:50:08.995Z] Checked if tokens are valid: true, expires at: 1776278947576
[debug] [2026-04-15T17:50:08.996Z] >>> [apiv2][query] GET https://firebase.googleapis.com/v1beta1/projects/habit-forge [none]
[debug] [2026-04-15T17:50:09.562Z] <<< [apiv2][status] GET https://firebase.googleapis.com/v1beta1/projects/habit-forge 403
[debug] [2026-04-15T17:50:09.562Z] <<< [apiv2][body] GET https://firebase.googleapis.com/v1beta1/projects/habit-forge {"error":{"code":403,"message":"The caller does not have permission","status":"PERMISSION_DENIED"}}
[debug] [2026-04-15T17:50:09.563Z] Request to https://firebase.googleapis.com/v1beta1/projects/habit-forge had HTTP Error: 403, The caller does not have permission
[debug] [2026-04-15T17:50:09.705Z] FirebaseError: Request to https://firebase.googleapis.com/v1beta1/projects/habit-forge had HTTP Error: 403, The caller does not have permission
    at responseToError (C:\Users\Samin\AppData\Roaming\npm\node_modules\firebase-tools\lib\responseToError.js:53:12)
    at RetryOperation._fn (C:\Users\Samin\AppData\Roaming\npm\node_modules\firebase-tools\lib\apiv2.js:333:77)
    at process.processTicksAndRejections (node:internal/process/task_queues:95:5)
[error] 
[error] Error: Failed to get Firebase project habit-forge. Please make sure the project exists and your account has permission to access it.
